<?xml version="1.0" encoding="UTF-8"?>
<testsuite xmlns:xsi="http://www.w3.org/2001/XMLSchema-instance" xsi:noNamespaceSchemaLocation="https://maven.apache.org/surefire/maven-failsafe-plugin/xsd/failsafe-test-report.xsd" name="RunnerTest" time="9.55" tests="36" errors="0" skipped="20" failures="6">
  <properties>
[...]
</properties>
  <testcase name="Registro de usuario satisfactorio en la Book Store" classname="HU00 Test del software de la tienda de libros" time="2.71">
    <failure message="Correct status code returned expected:&lt;201&gt; but was:&lt;406&gt;" type="java.lang.AssertionError"><![CDATA[java.lang.AssertionError: Correct status code returned expected:<201> but was:<406>
]]></failure>
    <system-err><![CDATA[log4j:WARN No appenders could be found for logger (net.thucydides.core.steps.ConsoleLoggingListener).
log4j:WARN Please initialize the log4j system properly.
log4j:WARN See http://logging.apache.org/log4j/1.2/faq.html#noconfig for more info.
]]></system-err>
  </testcase>
  <testcase name="Registro de usuario satisfactorio en la Book Store" classname="HU00 Test del software de la tienda de libros" time="0.357">
    <failure message="Correct status code returned expected:&lt;201&gt; but was:&lt;406&gt;" type="java.lang.AssertionError"><![CDATA[java.lang.AssertionError: Correct status code returned expected:<201> but was:<406>
]]></failure>
  </testcase>
  <testcase name="Registro de usuario satisfactorio en la Book Store" classname="HU00 Test del software de la tienda de libros" time="0.35">
    <failure message="Correct status code returned expected:&lt;201&gt; but was:&lt;406&gt;" type="java.lang.AssertionError"><![CDATA[java.lang.AssertionError: Correct status code returned expected:<201> but was:<406>
]]></failure>
  </testcase>
  <testcase name="Registro de usuario satisfactorio en la Book Store" classname="HU00 Test del software de la tienda de libros" time="0.314">
    <failure message="Correct status code returned expected:&lt;201&gt; but was:&lt;406&gt;" type="java.lang.AssertionError"><![CDATA[java.lang.AssertionError: Correct status code returned expected:<201> but was:<406>
]]></failure>
  </testcase>
  <testcase name="Registro de usuario satisfactorio en la Book Store" classname="HU00 Test del software de la tienda de libros" time="0.286">
    <failure message="Correct status code returned expected:&lt;201&gt; but was:&lt;406&gt;" type="java.lang.AssertionError"><![CDATA[java.lang.AssertionError: Correct status code returned expected:<201> but was:<406>
]]></failure>
  </testcase>
  <testcase name="Registro de usuario satisfactorio en la Book Store" classname="HU00 Test del software de la tienda de libros" time="0.305">
    <failure message="Correct status code returned expected:&lt;201&gt; but was:&lt;406&gt;" type="java.lang.AssertionError"><![CDATA[java.lang.AssertionError: Correct status code returned expected:<201> but was:<406>
]]></failure>
  </testcase>
  <testcase name="Registro incorrecto de usuarios duplicado en la Book Store" classname="HU00 Test del software de la tienda de libros" time="0.275"/>
  <testcase name="Registro incorrecto de usuarios duplicado en la Book Store" classname="HU00 Test del software de la tienda de libros" time="0.305"/>
  <testcase name="Registro incorrecto de usuarios duplicado en la Book Store" classname="HU00 Test del software de la tienda de libros" time="0.293"/>
  <testcase name="Registro incorrecto de usuarios duplicado en la Book Store" classname="HU00 Test del software de la tienda de libros" time="0.301"/>
  <testcase name="Registro incorrecto de usuarios duplicado en la Book Store" classname="HU00 Test del software de la tienda de libros" time="0.324"/>
  <testcase name="Registro incorrecto de usuarios duplicado en la Book Store" classname="HU00 Test del software de la tienda de libros" time="0.315"/>
  <testcase name="Acceso correcto a Conecta BanBajio" classname="HU01 Usuario que inicia en remoto solicita producto" time="0.005"/>
  <testcase name="Inicio del flujo CLIENTE INICIA REMOTO-TERMINA SUCURSAL" classname="HU01 Usuario que inicia en remoto solicita producto" time="0.005"/>
  <testcase name="Inicio del flujo NO CLIENTE INICIA REMOTO-TERMINA SUCURSAL" classname="HU01 Usuario que inicia en remoto solicita producto" time="0.005"/>
  <testcase name="Validacion del campo celular introduciendo un valor correcto" classname="HU02 Usuario no cliente que inicia el proceso de apertura de cuenta" time="0">
    <skipped message="TODO: implement me"/>
  </testcase>
  <testcase name="Validacion del campo celular introduciendo un valor correcto" classname="HU02 Usuario no cliente que inicia el proceso de apertura de cuenta" time="0">
    <skipped message="TODO: implement me"/>
  </testcase>
  <testcase name="Validacion del campo celular introduciendo un valor correcto" classname="HU02 Usuario no cliente que inicia el proceso de apertura de cuenta" time="0">
    <skipped message="TODO: implement me"/>
  </testcase>
  <testcase name="Validacion del campo celular introduciendo un valor correcto" classname="HU02 Usuario no cliente que inicia el proceso de apertura de cuenta" time="0">
    <skipped message="TODO: implement me"/>
  </testcase>
  <testcase name="Validacion del campo celular introduciendo un valor incorrecto" classname="HU02 Usuario no cliente que inicia el proceso de apertura de cuenta" time="0">
    <skipped message="TODO: implement me"/>
  </testcase>
  <testcase name="Validacion del campo celular introduciendo un valor incorrecto" classname="HU02 Usuario no cliente que inicia el proceso de apertura de cuenta" time="0">
    <skipped message="TODO: implement me"/>
  </testcase>
  <testcase name="Validacion del campo celular introduciendo un valor incorrecto" classname="HU02 Usuario no cliente que inicia el proceso de apertura de cuenta" time="0">
    <skipped message="TODO: implement me"/>
  </testcase>
  <testcase name="Validacion del campo celular introduciendo un valor incorrecto" classname="HU02 Usuario no cliente que inicia el proceso de apertura de cuenta" time="0">
    <skipped message="TODO: implement me"/>
  </testcase>
  <testcase name="Validacion del campo correo electronico introduciendo un valor correcto" classname="HU02 Usuario no cliente que inicia el proceso de apertura de cuenta" time="0">
    <skipped message="TODO: implement me"/>
  </testcase>
  <testcase name="Validacion del campo correo electronico introduciendo un valor correcto" classname="HU02 Usuario no cliente que inicia el proceso de apertura de cuenta" time="0">
    <skipped message="TODO: implement me"/>
  </testcase>
  <testcase name="Validacion del campo correo electronico introduciendo un valor correcto" classname="HU02 Usuario no cliente que inicia el proceso de apertura de cuenta" time="0">
    <skipped message="TODO: implement me"/>
  </testcase>
  <testcase name="Validacion del campo correo electronico introduciendo un valor correcto" classname="HU02 Usuario no cliente que inicia el proceso de apertura de cuenta" time="0">
    <skipped message="TODO: implement me"/>
  </testcase>
  <testcase name="Validacion del campo correo electronico introduciendo un valor incorrecto" classname="HU02 Usuario no cliente que inicia el proceso de apertura de cuenta" time="0">
    <skipped message="TODO: implement me"/>
  </testcase>
  <testcase name="Validacion del campo correo electronico introduciendo un valor incorrecto" classname="HU02 Usuario no cliente que inicia el proceso de apertura de cuenta" time="0">
    <skipped message="TODO: implement me"/>
  </testcase>
  <testcase name="Validacion del campo correo electronico introduciendo un valor incorrecto" classname="HU02 Usuario no cliente que inicia el proceso de apertura de cuenta" time="0">
    <skipped message="TODO: implement me"/>
  </testcase>
  <testcase name="Validacion del campo correo electronico introduciendo un valor incorrecto" classname="HU02 Usuario no cliente que inicia el proceso de apertura de cuenta" time="0">
    <skipped message="TODO: implement me"/>
  </testcase>
  <testcase name="Interaccion con los links de la pagina" classname="HU02 Usuario no cliente que inicia el proceso de apertura de cuenta" time="0.006"/>
  <testcase name="Acceso de apertura de cuenta correcto" classname="HU02 Usuario no cliente que inicia el proceso de apertura de cuenta" time="0">
    <skipped message="TODO: implement me"/>
  </testcase>
  <testcase name="Acceso de apertura de cuenta correcto" classname="HU02 Usuario no cliente que inicia el proceso de apertura de cuenta" time="0">
    <skipped message="TODO: implement me"/>
  </testcase>
  <testcase name="Acceso de apertura de cuenta correcto" classname="HU02 Usuario no cliente que inicia el proceso de apertura de cuenta" time="0">
    <skipped message="TODO: implement me"/>
  </testcase>
  <testcase name="Acceso de apertura de cuenta correcto" classname="HU02 Usuario no cliente que inicia el proceso de apertura de cuenta" time="0">
    <skipped message="TODO: implement me"/>
  </testcase>
</testsuite>