<?xml version="1.0" encoding="UTF-8"?>
<testsuite xmlns:xsi="http://www.w3.org/2001/XMLSchema-instance" xsi:noNamespaceSchemaLocation="https://maven.apache.org/surefire/maven-failsafe-plugin/xsd/failsafe-test-report.xsd" name="RunnerTest" time="20.461" tests="1" errors="0" skipped="0" failures="1">
  <properties>
[...]
</properties>
  <testcase name="Prueba de validacion del API jsonPlaceHolder" classname="Esto es una feature de prueba para la formacion" time="12.245">
    <failure message="User ID del registro [2] incorrecto expected:&lt;123&gt; but was:&lt;1&gt;" type="java.lang.AssertionError"><![CDATA[java.lang.AssertionError: User ID del registro [2] incorrecto expected:<123> but was:<1>
]]></failure>
    <system-err><![CDATA[log4j:WARN No appenders could be found for logger (net.thucydides.core.steps.ConsoleLoggingListener).
log4j:WARN Please initialize the log4j system properly.
log4j:WARN See http://logging.apache.org/log4j/1.2/faq.html#noconfig for more info.
]]></system-err>
  </testcase>
</testsuite>