<?xml version="1.0" encoding="UTF-8"?><testsuite errors="0" failures="0" name="HU02 Usuario no cliente que inicia el proceso de apertura de cuenta" skipped="20" tests="21" time="0.21" timestamp="2021-03-10 08:54:50"><testcase name="Validacion del campo celular introduciendo un valor correcto"><skipped/></testcase><testcase name="Validacion del campo celular introduciendo un valor incorrecto"><skipped/></testcase><testcase name="Validacion del campo correo electronico introduciendo un valor correcto"><skipped/></testcase><testcase name="Validacion del campo correo electronico introduciendo un valor incorrecto"><skipped/></testcase><testcase name="Interaccion con los links de la pagina"/><testcase name="Acceso de apertura de cuenta correcto"><skipped/></testcase></testsuite>